<?xml version="1.0" encoding="UTF-8"?>
<!-- Generated by org.testng.reporters.JUnitReportReporter -->
<testsuite hostname="MONO-HYD-LAP-12" name="Module4_FlashPlayerTesting.TestClass1" tests="1" failures="0" timestamp="16 Sep 2019 12:43:41 GMT" time="1.374" errors="1">
  <testcase name="f" time="1.374" classname="Module4_FlashPlayerTesting.TestClass1">
    <error type="org.openqa.selenium.SessionNotCreatedException" message="session not created: No matching capabilities found
Build info: version: &#039;3.14.0&#039;, revision: &#039;aacccce0&#039;, time: &#039;2018-08-02T20:13:22.693Z&#039;
System info: host: &#039;MONO-HYD-LAP-12&#039;, ip: &#039;172.30.100.38&#039;, os.name: &#039;Windows 10&#039;, os.arch: &#039;amd64&#039;, os.version: &#039;10.0&#039;, java.version: &#039;1.8.0_161&#039;
Driver info: driver.version: FirefoxDriver
remote stacktrace: Backtrace:
	Ordinal0 [0x00297C93+1473683]
	Ordinal0 [0x0021ADB1+961969]
	Ordinal0 [0x001A42E3+475875]
	Ordinal0 [0x00158AC9+166601]
	Ordinal0 [0x00158DFA+167418]
	Ordinal0 [0x00158D1D+167197]
	Ordinal0 [0x0015742B+160811]
	Ordinal0 [0x00140AE6+68326]
	Ordinal0 [0x00141BF0+72688]
	Ordinal0 [0x00141B89+72585]
	Ordinal0 [0x00234B77+1067895]
	GetHandleVerifier [0x00336875+506677]
	GetHandleVerifier [0x00336610+506064]
	GetHandleVerifier [0x0033D1B8+533624]
	GetHandleVerifier [0x0033704A+508682]
	Ordinal0 [0x0022C266+1032806]
	Ordinal0 [0x0022C0DF+1032415]
	Ordinal0 [0x00236A8B+1075851]
	Ordinal0 [0x00236BF3+1076211]
	Ordinal0 [0x00235BA5+1072037]
	BaseThreadInitThunk [0x74BB8494+36]
	RtlAreBitsSet [0x777841C8+136]
	RtlAreBitsSet [0x77784198+88]
">
      <![CDATA[org.openqa.selenium.SessionNotCreatedException: session not created: No matching capabilities found
Build info: version: '3.14.0', revision: 'aacccce0', time: '2018-08-02T20:13:22.693Z'
System info: host: 'MONO-HYD-LAP-12', ip: '172.30.100.38', os.name: 'Windows 10', os.arch: 'amd64', os.version: '10.0', java.version: '1.8.0_161'
Driver info: driver.version: FirefoxDriver
remote stacktrace: Backtrace:
	Ordinal0 [0x00297C93+1473683]
	Ordinal0 [0x0021ADB1+961969]
	Ordinal0 [0x001A42E3+475875]
	Ordinal0 [0x00158AC9+166601]
	Ordinal0 [0x00158DFA+167418]
	Ordinal0 [0x00158D1D+167197]
	Ordinal0 [0x0015742B+160811]
	Ordinal0 [0x00140AE6+68326]
	Ordinal0 [0x00141BF0+72688]
	Ordinal0 [0x00141B89+72585]
	Ordinal0 [0x00234B77+1067895]
	GetHandleVerifier [0x00336875+506677]
	GetHandleVerifier [0x00336610+506064]
	GetHandleVerifier [0x0033D1B8+533624]
	GetHandleVerifier [0x0033704A+508682]
	Ordinal0 [0x0022C266+1032806]
	Ordinal0 [0x0022C0DF+1032415]
	Ordinal0 [0x00236A8B+1075851]
	Ordinal0 [0x00236BF3+1076211]
	Ordinal0 [0x00235BA5+1072037]
	BaseThreadInitThunk [0x74BB8494+36]
	RtlAreBitsSet [0x777841C8+136]
	RtlAreBitsSet [0x77784198+88]

	at sun.reflect.NativeConstructorAccessorImpl.newInstance0(Native Method)
	at sun.reflect.NativeConstructorAccessorImpl.newInstance(Unknown Source)
	at sun.reflect.DelegatingConstructorAccessorImpl.newInstance(Unknown Source)
	at java.lang.reflect.Constructor.newInstance(Unknown Source)
	at org.openqa.selenium.remote.W3CHandshakeResponse.lambda$new$0(W3CHandshakeResponse.java:57)
	at org.openqa.selenium.remote.W3CHandshakeResponse.lambda$getResponseFunction$2(W3CHandshakeResponse.java:104)
	at org.openqa.selenium.remote.ProtocolHandshake.lambda$createSession$0(ProtocolHandshake.java:122)
	at java.util.stream.ReferencePipeline$3$1.accept(Unknown Source)
	at java.util.Spliterators$ArraySpliterator.tryAdvance(Unknown Source)
	at java.util.stream.ReferencePipeline.forEachWithCancel(Unknown Source)
	at java.util.stream.AbstractPipeline.copyIntoWithCancel(Unknown Source)
	at java.util.stream.AbstractPipeline.copyInto(Unknown Source)
	at java.util.stream.AbstractPipeline.wrapAndCopyInto(Unknown Source)
	at java.util.stream.FindOps$FindOp.evaluateSequential(Unknown Source)
	at java.util.stream.AbstractPipeline.evaluate(Unknown Source)
	at java.util.stream.ReferencePipeline.findFirst(Unknown Source)
	at org.openqa.selenium.remote.ProtocolHandshake.createSession(ProtocolHandshake.java:125)
	at org.openqa.selenium.remote.ProtocolHandshake.createSession(ProtocolHandshake.java:73)
	at org.openqa.selenium.remote.HttpCommandExecutor.execute(HttpCommandExecutor.java:136)
	at org.openqa.selenium.remote.service.DriverCommandExecutor.execute(DriverCommandExecutor.java:83)
	at org.openqa.selenium.remote.RemoteWebDriver.execute(RemoteWebDriver.java:548)
	at org.openqa.selenium.remote.RemoteWebDriver.startSession(RemoteWebDriver.java:212)
	at org.openqa.selenium.remote.RemoteWebDriver.<init>(RemoteWebDriver.java:130)
	at org.openqa.selenium.firefox.FirefoxDriver.<init>(FirefoxDriver.java:125)
	at org.openqa.selenium.firefox.FirefoxDriver.<init>(FirefoxDriver.java:103)
	at Module4_FlashPlayerTesting.TestClass1.f(TestClass1.java:19)
	at sun.reflect.NativeMethodAccessorImpl.invoke0(Native Method)
	at sun.reflect.NativeMethodAccessorImpl.invoke(Unknown Source)
	at sun.reflect.DelegatingMethodAccessorImpl.invoke(Unknown Source)
	at java.lang.reflect.Method.invoke(Unknown Source)
	at org.testng.internal.MethodInvocationHelper.invokeMethod(MethodInvocationHelper.java:86)
	at org.testng.internal.Invoker.invokeMethod(Invoker.java:645)
	at org.testng.internal.Invoker.invokeTestMethod(Invoker.java:822)
	at org.testng.internal.Invoker.invokeTestMethods(Invoker.java:1130)
	at org.testng.internal.TestMethodWorker.invokeTestMethods(TestMethodWorker.java:129)
	at org.testng.internal.TestMethodWorker.run(TestMethodWorker.java:112)
	at org.testng.TestRunner.privateRun(TestRunner.java:782)
	at org.testng.TestRunner.run(TestRunner.java:632)
	at org.testng.SuiteRunner.runTest(SuiteRunner.java:366)
	at org.testng.SuiteRunner.runSequentially(SuiteRunner.java:361)
	at org.testng.SuiteRunner.privateRun(SuiteRunner.java:319)
	at org.testng.SuiteRunner.run(SuiteRunner.java:268)
	at org.testng.SuiteRunnerWorker.runSuite(SuiteRunnerWorker.java:52)
	at org.testng.SuiteRunnerWorker.run(SuiteRunnerWorker.java:86)
	at org.testng.TestNG.runSuitesSequentially(TestNG.java:1244)
	at org.testng.TestNG.runSuitesLocally(TestNG.java:1169)
	at org.testng.TestNG.run(TestNG.java:1064)
	at org.testng.remote.RemoteTestNG.run(RemoteTestNG.java:113)
	at org.testng.remote.RemoteTestNG.initAndRun(RemoteTestNG.java:206)
	at org.testng.remote.RemoteTestNG.main(RemoteTestNG.java:177)
]]>
    </error>
  </testcase> <!-- f -->
</testsuite> <!-- Module4_FlashPlayerTesting.TestClass1 -->
